0 info it worked if it ends with ok
1 verbose cli [ '/Users/deniswells/.nvm/versions/node/v5.10.1/bin/node',
1 verbose cli   '/Users/deniswells/.nvm/versions/node/v5.10.1/bin/npm',
1 verbose cli   'run',
1 verbose cli   'servrer' ]
2 info using npm@3.9.5
3 info using node@v5.10.1
4 verbose stack Error: missing script: servrer
4 verbose stack     at run (/Users/deniswells/.nvm/versions/node/v5.10.1/lib/node_modules/npm/lib/run-script.js:150:19)
4 verbose stack     at /Users/deniswells/.nvm/versions/node/v5.10.1/lib/node_modules/npm/lib/run-script.js:60:5
4 verbose stack     at /Users/deniswells/.nvm/versions/node/v5.10.1/lib/node_modules/npm/node_modules/read-package-json/read-json.js:356:5
4 verbose stack     at checkBinReferences_ (/Users/deniswells/.nvm/versions/node/v5.10.1/lib/node_modules/npm/node_modules/read-package-json/read-json.js:320:45)
4 verbose stack     at final (/Users/deniswells/.nvm/versions/node/v5.10.1/lib/node_modules/npm/node_modules/read-package-json/read-json.js:354:3)
4 verbose stack     at then (/Users/deniswells/.nvm/versions/node/v5.10.1/lib/node_modules/npm/node_modules/read-package-json/read-json.js:124:5)
4 verbose stack     at /Users/deniswells/.nvm/versions/node/v5.10.1/lib/node_modules/npm/node_modules/read-package-json/read-json.js:311:12
4 verbose stack     at /Users/deniswells/.nvm/versions/node/v5.10.1/lib/node_modules/npm/node_modules/graceful-fs/graceful-fs.js:78:16
4 verbose stack     at tryToString (fs.js:414:3)
4 verbose stack     at FSReqWrap.readFileAfterClose [as oncomplete] (fs.js:401:12)
5 verbose cwd /Users/deniswells/temp/newfie
6 error Darwin 15.0.0
7 error argv "/Users/deniswells/.nvm/versions/node/v5.10.1/bin/node" "/Users/deniswells/.nvm/versions/node/v5.10.1/bin/npm" "run" "servrer"
8 error node v5.10.1
9 error npm  v3.9.5
10 error missing script: servrer
11 error If you need help, you may report this error at:
11 error     <https://github.com/npm/npm/issues>
12 verbose exit [ 1, true ]
